[6316:6292:1105/140749.998:WARNING:chrome_main_delegate.cc(744)] This is Chrome version 130.0.6723.92 (not a warning)
[6316:6292:1105/140750.434:INFO:chrome_browser_cloud_management_controller.cc(196)] No machine level policy manager exists.
[4192:9108:1105/140752.798:WARNING:viz_main_impl.cc(85)] VizNullHypothesis is disabled (not a warning)
[6316:6292:1105/140755.337:WARNING:page_discarding_helper.cc(139)] Discarding multiple pages with target (kb): 0
[6316:6292:1105/140759.820:INFO:CONSOLE(153)] "Event handler of 'x-storagemutated-1' event must be added on the initial evaluation of worker script.", source: https://static.whatsapp.net/rsrc.php/v3/y6/r/Wov2ZZD-11j.js (153)
[6316:6292:1105/140800.799:WARNING:page_discarding_helper.cc(139)] Discarding multiple pages with target (kb): 0
[4192:8064:1105/140801.762:WARNING:angle_platform_impl.cc(49)] HLSLCompiler.cpp:250 (rx::HLSLCompiler::compileToBinary): 
C:\fakepath(139,3-70): warning X3557: loop only executes for 1 iteration(s), forcing loop to unroll

[6316:6292:1105/140805.804:WARNING:page_discarding_helper.cc(139)] Discarding multiple pages with target (kb): 0
[4192:11044:1105/140807.717:WARNING:angle_platform_impl.cc(49)] HLSLCompiler.cpp:250 (rx::HLSLCompiler::compileToBinary): 
C:\fakepath(130,3-70): warning X3557: loop only executes for 1 iteration(s), forcing loop to unroll

[6316:6292:1105/140810.813:WARNING:page_discarding_helper.cc(139)] Discarding multiple pages with target (kb): 0
[6316:6292:1105/140815.816:WARNING:page_discarding_helper.cc(139)] Discarding multiple pages with target (kb): 0
[6316:6292:1105/140817.758:INFO:CONSOLE(153)] "Event handler of 'x-storagemutated-1' event must be added on the initial evaluation of worker script.", source: https://static.whatsapp.net/rsrc.php/v3/yN/r/osZOI6UpIde.js (153)
[6316:6292:1105/140820.816:WARNING:page_discarding_helper.cc(139)] Discarding multiple pages with target (kb): 0
[6316:6292:1105/140825.829:WARNING:page_discarding_helper.cc(139)] Discarding multiple pages with target (kb): 0
[6316:6292:1105/140830.832:WARNING:page_discarding_helper.cc(139)] Discarding multiple pages with target (kb): 0
[6316:6292:1105/140835.844:WARNING:page_discarding_helper.cc(139)] Discarding multiple pages with target (kb): 0
[6316:6292:1105/140840.851:WARNING:page_discarding_helper.cc(139)] Discarding multiple pages with target (kb): 0
[6316:6292:1105/140845.866:WARNING:page_discarding_helper.cc(139)] Discarding multiple pages with target (kb): 0
[6316:6292:1105/140850.879:WARNING:page_discarding_helper.cc(139)] Discarding multiple pages with target (kb): 0
[6316:6292:1105/140855.889:WARNING:page_discarding_helper.cc(139)] Discarding multiple pages with target (kb): 0
[6316:6292:1105/140900.889:WARNING:page_discarding_helper.cc(139)] Discarding multiple pages with target (kb): 0
[6316:6292:1105/140905.897:WARNING:page_discarding_helper.cc(139)] Discarding multiple pages with target (kb): 0
[6316:6292:1105/140910.906:WARNING:page_discarding_helper.cc(139)] Discarding multiple pages with target (kb): 0
[6316:6292:1105/140915.907:WARNING:page_discarding_helper.cc(139)] Discarding multiple pages with target (kb): 0
[6316:6292:1105/140920.908:WARNING:page_discarding_helper.cc(139)] Discarding multiple pages with target (kb): 0
[6316:6292:1105/140925.917:WARNING:page_discarding_helper.cc(139)] Discarding multiple pages with target (kb): 0
[6316:6292:1105/140930.923:WARNING:page_discarding_helper.cc(139)] Discarding multiple pages with target (kb): 0
[6316:6292:1105/140935.933:WARNING:page_discarding_helper.cc(139)] Discarding multiple pages with target (kb): 0
